#
# A fatal error has been detected by the Java Runtime Environment:
#
#  EXCEPTION_ACCESS_VIOLATION (0xc0000005) at pc=0x000000006467cc23, pid=24408, tid=4316
#
# JRE version: Java(TM) SE Runtime Environment (10.0.2+13) (build 10.0.2+13)
# Java VM: Java HotSpot(TM) 64-Bit Server VM (10.0.2+13, mixed mode, tiered, compressed oops, g1 gc, windows-amd64)
# Problematic frame:
# V  [jvm.dll+0x31cc23]
#
# No core dump will be written. Minidumps are not enabled by default on client versions of Windows
#
# If you would like to submit a bug report, please visit:
#   http://bugreport.java.com/bugreport/crash.jsp
#

---------------  S U M M A R Y ------------

Command Line: -agentlib:jdwp=transport=dt_socket,address=127.0.0.1:52350,suspend=y,server=n -javaagent:C:\Users\mmack\AppData\Local\Temp\capture2205jars\debugger-agent.jar=file:/C:/Users/mmack/AppData/Local/Temp/capture.props -Dfile.encoding=UTF-8 SetCover

Host: Intel(R) Core(TM) i7-7500U CPU @ 2.70GHz, 4 cores, 7G,  Windows 10 , 64 bit Build 17763 (10.0.17763.475)
Time: Thu Nov 07 03:22:06 2019 Eastern Standard Time elapsed time: 141 seconds (0d 0h 2m 21s)

---------------  T H R E A D  ---------------

Current thread (0x000002502f9c8800):  VMThread "VM Thread" [stack: 0x0000006dddb00000,0x0000006dddc00000] [id=4316]

Stack: [0x0000006dddb00000,0x0000006dddc00000],  sp=0x0000006dddbfec50,  free space=1019k
Native frames: (J=compiled Java code, j=interpreted, Vv=VM code, C=native code)
V  [jvm.dll+0x31cc23]
V  [jvm.dll+0x320673]
V  [jvm.dll+0x320a62]
V  [jvm.dll+0x31ced5]
V  [jvm.dll+0x59097f]
V  [jvm.dll+0x590d66]
V  [jvm.dll+0x590b26]
V  [jvm.dll+0x55c148]
V  [jvm.dll+0x473bca]
V  [jvm.dll+0x6c47bc]
V  [jvm.dll+0x6c2f25]
V  [jvm.dll+0x6c3730]
V  [jvm.dll+0x6c3a6c]
V  [jvm.dll+0x59f4b0]
C  [msvcr120.dll+0x24f7f]
C  [msvcr120.dll+0x25126]
C  [KERNEL32.DLL+0x17974]
C  [ntdll.dll+0x6a271]


siginfo: EXCEPTION_ACCESS_VIOLATION (0xc0000005), reading address 0xffffffffffffffff


Register to memory mapping:

RIP=0x000000006467cc23 jvm.dll
RAX=0x000002502f9535c0 is an unknown value
RBX=0x0000006dddbfee70 is an unknown value
RCX=0x0000006dddbfeee0 is an unknown value
RDX=0xffffffffffffca2d is an unknown value
RSP=0x0000006dddbfec50 is an unknown value
RBP=0x0000006dddbfecb0 is an unknown value
RSI=0x0000000000000000 is an unknown value
RDI=0x00000000000000a0 is an unknown value
R8 =0x03ffffffffffff28 is an unknown value
R9 =0x000000000000002d is an unknown value
R10=0x0000000000000011 is an unknown value
R11=0x000000010006baa0 is pointing into metadata
R12=0x0000000000000000 is an unknown value
R13=0x00000000000003d8 is an unknown value
R14=0x000000006467cc00 jvm.dll
R15=0x0000000000000027 is an unknown value


Registers:
RAX=0x000002502f9535c0, RBX=0x0000006dddbfee70, RCX=0x0000006dddbfeee0, RDX=0xffffffffffffca2d
RSP=0x0000006dddbfec50, RBP=0x0000006dddbfecb0, RSI=0x0000000000000000, RDI=0x00000000000000a0
R8 =0x03ffffffffffff28, R9 =0x000000000000002d, R10=0x0000000000000011, R11=0x000000010006baa0
R12=0x0000000000000000, R13=0x00000000000003d8, R14=0x000000006467cc00, R15=0x0000000000000027
RIP=0x000000006467cc23, EFLAGS=0x0000000000010a07

Top of Stack: (sp=0x0000006dddbfec50)
0x0000006dddbfec50:   0000006dddbfedb0 0000006dddbfed00
0x0000006dddbfec60:   0000000000000000 0000000000000000
0x0000006dddbfec70:   0000006dddbfee70 0000000064680673
0x0000006dddbfec80:   0000006dddbf06ca 0000006dddbfee70
0x0000006dddbfec90:   0000006dddbfedb0 0000000064680f15
0x0000006dddbfeca0:   0000006dddbfed00 0000000064681054
0x0000006dddbfecb0:   000002502f9538f8 0000000000000001
0x0000006dddbfecc0:   00000000000000a0 000002502f953510
0x0000006dddbfecd0:   0000000000000027 0000000064680a62
0x0000006dddbfece0:   0000000000000026 0000000000000001
0x0000006dddbfecf0:   0000006dddbfee70 000002502f953510
0x0000006dddbfed00:   000002502fe94000 000002502f9c8800
0x0000006dddbfed10:   0000002a00000027 000000a000000035
0x0000006dddbfed20:   0000003500000000 ffffffff000000a0
0x0000006dddbfed30:   000002502f9538f8 0000000000000000
0x0000006dddbfed40:   0000000064add698 000000006467ced5 

Instructions: (pc=0x000000006467cc23)
0x000000006467cc03:   83 ec 20 48 63 d2 48 8b d9 48 83 c1 70 0f b6 c2
0x000000006467cc13:   4c 8b c2 24 3f 49 c1 e8 06 44 0f b6 c8 48 8b 01
0x000000006467cc23:   4e 8b 04 c0 4d 0f a3 c8 72 0b 41 b0 01 e8 3b 89
0x000000006467cc33:   de ff ff 43 6c 48 83 c4 20 5b c3 cc cc 48 83 ec 


VM_Operation (0x0000006dde4ff480): GetOrSetLocal, mode: safepoint, requested by thread 0x0000025030760000


---------------  P R O C E S S  ---------------

Threads class SMR info:
_java_thread_list=0x000002503073d160, length=14, elements={
0x000002500e5f5800, 0x000002502f9dc800, 0x000002502f9df800, 0x000002502f9d8000,
0x0000025030352800, 0x000002502f9ee000, 0x000002502f9f5000, 0x000002502f9f9000,
0x000002502f9fa000, 0x0000025030760000, 0x000002503070e800, 0x0000025030741800,
0x000002503072e800, 0x000002503066a800
}

Java Threads: ( => current thread )
  0x000002500e5f5800 JavaThread "main" [_thread_blocked, id=21224, stack(0x0000006ddcf00000,0x0000006ddd000000)]
  0x000002502f9dc800 JavaThread "Reference Handler" daemon [_thread_blocked, id=23912, stack(0x0000006dddc00000,0x0000006dddd00000)]
  0x000002502f9df800 JavaThread "Finalizer" daemon [_thread_blocked, id=18204, stack(0x0000006dddd00000,0x0000006ddde00000)]
  0x000002502f9d8000 JavaThread "Signal Dispatcher" daemon [_thread_blocked, id=23368, stack(0x0000006ddde00000,0x0000006dddf00000)]
  0x0000025030352800 JavaThread "Attach Listener" daemon [_thread_blocked, id=13144, stack(0x0000006dddf00000,0x0000006dde000000)]
  0x000002502f9ee000 JavaThread "C2 CompilerThread0" daemon [_thread_blocked, id=15644, stack(0x0000006dde000000,0x0000006dde100000)]
  0x000002502f9f5000 JavaThread "C2 CompilerThread1" daemon [_thread_blocked, id=4748, stack(0x0000006dde100000,0x0000006dde200000)]
  0x000002502f9f9000 JavaThread "C1 CompilerThread2" daemon [_thread_blocked, id=20120, stack(0x0000006dde200000,0x0000006dde300000)]
  0x000002502f9fa000 JavaThread "Sweeper thread" daemon [_thread_blocked, id=11392, stack(0x0000006dde300000,0x0000006dde400000)]
  0x0000025030760000 JavaThread "JDWP Transport Listener: dt_socket" daemon [_thread_blocked, id=11172, stack(0x0000006dde400000,0x0000006dde500000)] _threads_hazard_ptr=0x000002503073d160
  0x000002503070e800 JavaThread "JDWP Event Helper Thread" daemon [_thread_blocked, id=22860, stack(0x0000006dde500000,0x0000006dde600000)]
  0x0000025030741800 JavaThread "JDWP Command Reader" daemon [_thread_in_native, id=21128, stack(0x0000006dde600000,0x0000006dde700000)]
  0x000002503072e800 JavaThread "Common-Cleaner" daemon [_thread_blocked, id=12880, stack(0x0000006dde700000,0x0000006dde800000)]
  0x000002503066a800 JavaThread "Service Thread" daemon [_thread_blocked, id=16760, stack(0x0000006dde800000,0x0000006dde900000)]

Other Threads:
=>0x000002502f9c8800 VMThread "VM Thread" [stack: 0x0000006dddb00000,0x0000006dddc00000] [id=4316]
  0x00000250306ee800 WatcherThread [stack: 0x0000006dde900000,0x0000006ddea00000] [id=1992]
  0x000002500e60f000 GCTaskThread "GC Thread#0" [stack: 0x0000006ddd000000,0x0000006ddd100000] [id=20944]
  0x000002500e610800 GCTaskThread "GC Thread#1" [stack: 0x0000006ddd100000,0x0000006ddd200000] [id=3116]
  0x000002500e612000 GCTaskThread "GC Thread#2" [stack: 0x0000006ddd200000,0x0000006ddd300000] [id=21136]
  0x000002500e614800 GCTaskThread "GC Thread#3" [stack: 0x0000006ddd300000,0x0000006ddd400000] [id=9996]
  0x000002500e67f000 ConcurrentGCThread "G1 Main Marker" [stack: 0x0000006ddd400000,0x0000006ddd500000] [id=9584]
  0x000002500e682000 ConcurrentGCThread "G1 Conc#0" [stack: 0x0000006ddd500000,0x0000006ddd600000] [id=11476]
  0x000002502f84e800 ConcurrentGCThread "G1 Refine#0" [stack: 0x0000006ddd600000,0x0000006ddd700000] [id=17844]
  0x000002502f84f000 ConcurrentGCThread "G1 Refine#1" [stack: 0x0000006ddd700000,0x0000006ddd800000] [id=13400]
  0x000002502f850000 ConcurrentGCThread "G1 Refine#2" [stack: 0x0000006ddd800000,0x0000006ddd900000] [id=24056]
  0x000002502f851000 ConcurrentGCThread "G1 Refine#3" [stack: 0x0000006ddd900000,0x0000006ddda00000] [id=12904]
  0x000002502f854800 ConcurrentGCThread "G1 Young RemSet Sampling" [stack: 0x0000006ddda00000,0x0000006dddb00000] [id=21936]

Threads with active compile tasks:

VM state:at safepoint (normal execution)

VM Mutex/Monitor currently owned by a thread:  ([mutex/lock_event])
[0x000002500e5f34f0] Threads_lock - owner thread: 0x000002502f9c8800

Heap address: 0x0000000081400000, size: 2028 MB, Compressed Oops mode: 32-bit
Narrow klass base: 0x0000000000000000, Narrow klass shift: 3
Compressed class space size: 1073741824 Address: 0x0000000100000000

Heap:
 garbage-first heap   total 131072K, used 2048K [0x0000000081400000, 0x0000000100000000)
  region size 1024K, 3 young (3072K), 0 survivors (0K)
 Metaspace       used 5192K, capacity 5328K, committed 5376K, reserved 1056768K
  class space    used 437K, capacity 496K, committed 512K, reserved 1048576K
Heap Regions: E=young(eden), S=young(survivor), O=old, HS=humongous(starts), HC=humongous(continues), CS=collection set, F=free, A=archive, TS=gc time stamp, AC=allocation context, TAMS=top-at-mark-start (previous, next)
|   0|0x0000000081400000, 0x0000000081400000, 0x0000000081500000|  0%| F|  |TS  0|AC  0|TAMS 0x0000000081400000, 0x0000000081400000|
|   1|0x0000000081500000, 0x0000000081500000, 0x0000000081600000|  0%| F|  |TS  0|AC  0|TAMS 0x0000000081500000, 0x0000000081500000|
|   2|0x0000000081600000, 0x0000000081600000, 0x0000000081700000|  0%| F|  |TS  0|AC  0|TAMS 0x0000000081600000, 0x0000000081600000|
|   3|0x0000000081700000, 0x0000000081700000, 0x0000000081800000|  0%| F|  |TS  0|AC  0|TAMS 0x0000000081700000, 0x0000000081700000|
|   4|0x0000000081800000, 0x0000000081800000, 0x0000000081900000|  0%| F|  |TS  0|AC  0|TAMS 0x0000000081800000, 0x0000000081800000|
|   5|0x0000000081900000, 0x0000000081900000, 0x0000000081a00000|  0%| F|  |TS  0|AC  0|TAMS 0x0000000081900000, 0x0000000081900000|
|   6|0x0000000081a00000, 0x0000000081a00000, 0x0000000081b00000|  0%| F|  |TS  0|AC  0|TAMS 0x0000000081a00000, 0x0000000081a00000|
|   7|0x0000000081b00000, 0x0000000081b00000, 0x0000000081c00000|  0%| F|  |TS  0|AC  0|TAMS 0x0000000081b00000, 0x0000000081b00000|
|   8|0x0000000081c00000, 0x0000000081c00000, 0x0000000081d00000|  0%| F|  |TS  0|AC  0|TAMS 0x0000000081c00000, 0x0000000081c00000|
|   9|0x0000000081d00000, 0x0000000081d00000, 0x0000000081e00000|  0%| F|  |TS  0|AC  0|TAMS 0x0000000081d00000, 0x0000000081d00000|
|  10|0x0000000081e00000, 0x0000000081e00000, 0x0000000081f00000|  0%| F|  |TS  0|AC  0|TAMS 0x0000000081e00000, 0x0000000081e00000|
|  11|0x0000000081f00000, 0x0000000081f00000, 0x0000000082000000|  0%| F|  |TS  0|AC  0|TAMS 0x0000000081f00000, 0x0000000081f00000|
|  12|0x0000000082000000, 0x0000000082000000, 0x0000000082100000|  0%| F|  |TS  0|AC  0|TAMS 0x0000000082000000, 0x0000000082000000|
|  13|0x0000000082100000, 0x0000000082100000, 0x0000000082200000|  0%| F|  |TS  0|AC  0|TAMS 0x0000000082100000, 0x0000000082100000|
|  14|0x0000000082200000, 0x0000000082200000, 0x0000000082300000|  0%| F|  |TS  0|AC  0|TAMS 0x0000000082200000, 0x0000000082200000|
|  15|0x0000000082300000, 0x0000000082300000, 0x0000000082400000|  0%| F|  |TS  0|AC  0|TAMS 0x0000000082300000, 0x0000000082300000|
|  16|0x0000000082400000, 0x0000000082400000, 0x0000000082500000|  0%| F|  |TS  0|AC  0|TAMS 0x0000000082400000, 0x0000000082400000|
|  17|0x0000000082500000, 0x0000000082500000, 0x0000000082600000|  0%| F|  |TS  0|AC  0|TAMS 0x0000000082500000, 0x0000000082500000|
|  18|0x0000000082600000, 0x0000000082600000, 0x0000000082700000|  0%| F|  |TS  0|AC  0|TAMS 0x0000000082600000, 0x0000000082600000|
|  19|0x0000000082700000, 0x0000000082700000, 0x0000000082800000|  0%| F|  |TS  0|AC  0|TAMS 0x0000000082700000, 0x0000000082700000|
|  20|0x0000000082800000, 0x0000000082800000, 0x0000000082900000|  0%| F|  |TS  0|AC  0|TAMS 0x0000000082800000, 0x0000000082800000|
|  21|0x0000000082900000, 0x0000000082900000, 0x0000000082a00000|  0%| F|  |TS  0|AC  0|TAMS 0x0000000082900000, 0x0000000082900000|
|  22|0x0000000082a00000, 0x0000000082a00000, 0x0000000082b00000|  0%| F|  |TS  0|AC  0|TAMS 0x0000000082a00000, 0x0000000082a00000|
|  23|0x0000000082b00000, 0x0000000082b00000, 0x0000000082c00000|  0%| F|  |TS  0|AC  0|TAMS 0x0000000082b00000, 0x0000000082b00000|
|  24|0x0000000082c00000, 0x0000000082c00000, 0x0000000082d00000|  0%| F|  |TS  0|AC  0|TAMS 0x0000000082c00000, 0x0000000082c00000|
|  25|0x0000000082d00000, 0x0000000082d00000, 0x0000000082e00000|  0%| F|  |TS  0|AC  0|TAMS 0x0000000082d00000, 0x0000000082d00000|
|  26|0x0000000082e00000, 0x0000000082e00000, 0x0000000082f00000|  0%| F|  |TS  0|AC  0|TAMS 0x0000000082e00000, 0x0000000082e00000|
|  27|0x0000000082f00000, 0x0000000082f00000, 0x0000000083000000|  0%| F|  |TS  0|AC  0|TAMS 0x0000000082f00000, 0x0000000082f00000|
|  28|0x0000000083000000, 0x0000000083000000, 0x0000000083100000|  0%| F|  |TS  0|AC  0|TAMS 0x0000000083000000, 0x0000000083000000|
|  29|0x0000000083100000, 0x0000000083100000, 0x0000000083200000|  0%| F|  |TS  0|AC  0|TAMS 0x0000000083100000, 0x0000000083100000|
|  30|0x0000000083200000, 0x0000000083200000, 0x0000000083300000|  0%| F|  |TS  0|AC  0|TAMS 0x0000000083200000, 0x0000000083200000|
|  31|0x0000000083300000, 0x0000000083300000, 0x0000000083400000|  0%| F|  |TS  0|AC  0|TAMS 0x0000000083300000, 0x0000000083300000|
|  32|0x0000000083400000, 0x0000000083400000, 0x0000000083500000|  0%| F|  |TS  0|AC  0|TAMS 0x0000000083400000, 0x0000000083400000|
|  33|0x0000000083500000, 0x0000000083500000, 0x0000000083600000|  0%| F|  |TS  0|AC  0|TAMS 0x0000000083500000, 0x0000000083500000|
|  34|0x0000000083600000, 0x0000000083600000, 0x0000000083700000|  0%| F|  |TS  0|AC  0|TAMS 0x0000000083600000, 0x0000000083600000|
|  35|0x0000000083700000, 0x0000000083700000, 0x0000000083800000|  0%| F|  |TS  0|AC  0|TAMS 0x0000000083700000, 0x0000000083700000|
|  36|0x0000000083800000, 0x0000000083800000, 0x0000000083900000|  0%| F|  |TS  0|AC  0|TAMS 0x0000000083800000, 0x0000000083800000|
|  37|0x0000000083900000, 0x0000000083900000, 0x0000000083a00000|  0%| F|  |TS  0|AC  0|TAMS 0x0000000083900000, 0x0000000083900000|
|  38|0x0000000083a00000, 0x0000000083a00000, 0x0000000083b00000|  0%| F|  |TS  0|AC  0|TAMS 0x0000000083a00000, 0x0000000083a00000|
|  39|0x0000000083b00000, 0x0000000083b00000, 0x0000000083c00000|  0%| F|  |TS  0|AC  0|TAMS 0x0000000083b00000, 0x0000000083b00000|
|  40|0x0000000083c00000, 0x0000000083c00000, 0x0000000083d00000|  0%| F|  |TS  0|AC  0|TAMS 0x0000000083c00000, 0x0000000083c00000|
|  41|0x0000000083d00000, 0x0000000083d00000, 0x0000000083e00000|  0%| F|  |TS  0|AC  0|TAMS 0x0000000083d00000, 0x0000000083d00000|
|  42|0x0000000083e00000, 0x0000000083e00000, 0x0000000083f00000|  0%| F|  |TS  0|AC  0|TAMS 0x0000000083e00000, 0x0000000083e00000|
|  43|0x0000000083f00000, 0x0000000083f00000, 0x0000000084000000|  0%| F|  |TS  0|AC  0|TAMS 0x0000000083f00000, 0x0000000083f00000|
|  44|0x0000000084000000, 0x0000000084000000, 0x0000000084100000|  0%| F|  |TS  0|AC  0|TAMS 0x0000000084000000, 0x0000000084000000|
|  45|0x0000000084100000, 0x0000000084100000, 0x0000000084200000|  0%| F|  |TS  0|AC  0|TAMS 0x0000000084100000, 0x0000000084100000|
|  46|0x0000000084200000, 0x0000000084200000, 0x0000000084300000|  0%| F|  |TS  0|AC  0|TAMS 0x0000000084200000, 0x0000000084200000|
|  47|0x0000000084300000, 0x0000000084300000, 0x0000000084400000|  0%| F|  |TS  0|AC  0|TAMS 0x0000000084300000, 0x0000000084300000|
|  48|0x0000000084400000, 0x0000000084400000, 0x0000000084500000|  0%| F|  |TS  0|AC  0|TAMS 0x0000000084400000, 0x0000000084400000|
|  49|0x0000000084500000, 0x0000000084500000, 0x0000000084600000|  0%| F|  |TS  0|AC  0|TAMS 0x0000000084500000, 0x0000000084500000|
|  50|0x0000000084600000, 0x0000000084600000, 0x0000000084700000|  0%| F|  |TS  0|AC  0|TAMS 0x0000000084600000, 0x0000000084600000|
|  51|0x0000000084700000, 0x0000000084700000, 0x0000000084800000|  0%| F|  |TS  0|AC  0|TAMS 0x0000000084700000, 0x0000000084700000|
|  52|0x0000000084800000, 0x0000000084800000, 0x0000000084900000|  0%| F|  |TS  0|AC  0|TAMS 0x0000000084800000, 0x0000000084800000|
|  53|0x0000000084900000, 0x0000000084900000, 0x0000000084a00000|  0%| F|  |TS  0|AC  0|TAMS 0x0000000084900000, 0x0000000084900000|
|  54|0x0000000084a00000, 0x0000000084a00000, 0x0000000084b00000|  0%| F|  |TS  0|AC  0|TAMS 0x0000000084a00000, 0x0000000084a00000|
|  55|0x0000000084b00000, 0x0000000084b00000, 0x0000000084c00000|  0%| F|  |TS  0|AC  0|TAMS 0x0000000084b00000, 0x0000000084b00000|
|  56|0x0000000084c00000, 0x0000000084c00000, 0x0000000084d00000|  0%| F|  |TS  0|AC  0|TAMS 0x0000000084c00000, 0x0000000084c00000|
|  57|0x0000000084d00000, 0x0000000084d00000, 0x0000000084e00000|  0%| F|  |TS  0|AC  0|TAMS 0x0000000084d00000, 0x0000000084d00000|
|  58|0x0000000084e00000, 0x0000000084e00000, 0x0000000084f00000|  0%| F|  |TS  0|AC  0|TAMS 0x0000000084e00000, 0x0000000084e00000|
|  59|0x0000000084f00000, 0x0000000084f00000, 0x0000000085000000|  0%| F|  |TS  0|AC  0|TAMS 0x0000000084f00000, 0x0000000084f00000|
|  60|0x0000000085000000, 0x0000000085000000, 0x0000000085100000|  0%| F|  |TS  0|AC  0|TAMS 0x0000000085000000, 0x0000000085000000|
|  61|0x0000000085100000, 0x0000000085100000, 0x0000000085200000|  0%| F|  |TS  0|AC  0|TAMS 0x0000000085100000, 0x0000000085100000|
|  62|0x0000000085200000, 0x0000000085200000, 0x0000000085300000|  0%| F|  |TS  0|AC  0|TAMS 0x0000000085200000, 0x0000000085200000|
|  63|0x0000000085300000, 0x0000000085300000, 0x0000000085400000|  0%| F|  |TS  0|AC  0|TAMS 0x0000000085300000, 0x0000000085300000|
|  64|0x0000000085400000, 0x0000000085400000, 0x0000000085500000|  0%| F|  |TS  0|AC  0|TAMS 0x0000000085400000, 0x0000000085400000|
|  65|0x0000000085500000, 0x0000000085500000, 0x0000000085600000|  0%| F|  |TS  0|AC  0|TAMS 0x0000000085500000, 0x0000000085500000|
|  66|0x0000000085600000, 0x0000000085600000, 0x0000000085700000|  0%| F|  |TS  0|AC  0|TAMS 0x0000000085600000, 0x0000000085600000|
|  67|0x0000000085700000, 0x0000000085700000, 0x0000000085800000|  0%| F|  |TS  0|AC  0|TAMS 0x0000000085700000, 0x0000000085700000|
|  68|0x0000000085800000, 0x0000000085800000, 0x0000000085900000|  0%| F|  |TS  0|AC  0|TAMS 0x0000000085800000, 0x0000000085800000|
|  69|0x0000000085900000, 0x0000000085900000, 0x0000000085a00000|  0%| F|  |TS  0|AC  0|TAMS 0x0000000085900000, 0x0000000085900000|
|  70|0x0000000085a00000, 0x0000000085a00000, 0x0000000085b00000|  0%| F|  |TS  0|AC  0|TAMS 0x0000000085a00000, 0x0000000085a00000|
|  71|0x0000000085b00000, 0x0000000085b00000, 0x0000000085c00000|  0%| F|  |TS  0|AC  0|TAMS 0x0000000085b00000, 0x0000000085b00000|
|  72|0x0000000085c00000, 0x0000000085c00000, 0x0000000085d00000|  0%| F|  |TS  0|AC  0|TAMS 0x0000000085c00000, 0x0000000085c00000|
|  73|0x0000000085d00000, 0x0000000085d00000, 0x0000000085e00000|  0%| F|  |TS  0|AC  0|TAMS 0x0000000085d00000, 0x0000000085d00000|
|  74|0x0000000085e00000, 0x0000000085e00000, 0x0000000085f00000|  0%| F|  |TS  0|AC  0|TAMS 0x0000000085e00000, 0x0000000085e00000|
|  75|0x0000000085f00000, 0x0000000085f00000, 0x0000000086000000|  0%| F|  |TS  0|AC  0|TAMS 0x0000000085f00000, 0x0000000085f00000|
|  76|0x0000000086000000, 0x0000000086000000, 0x0000000086100000|  0%| F|  |TS  0|AC  0|TAMS 0x0000000086000000, 0x0000000086000000|
|  77|0x0000000086100000, 0x0000000086100000, 0x0000000086200000|  0%| F|  |TS  0|AC  0|TAMS 0x0000000086100000, 0x0000000086100000|
|  78|0x0000000086200000, 0x0000000086200000, 0x0000000086300000|  0%| F|  |TS  0|AC  0|TAMS 0x0000000086200000, 0x0000000086200000|
|  79|0x0000000086300000, 0x0000000086300000, 0x0000000086400000|  0%| F|  |TS  0|AC  0|TAMS 0x0000000086300000, 0x0000000086300000|
|  80|0x0000000086400000, 0x0000000086400000, 0x0000000086500000|  0%| F|  |TS  0|AC  0|TAMS 0x0000000086400000, 0x0000000086400000|
|  81|0x0000000086500000, 0x0000000086500000, 0x0000000086600000|  0%| F|  |TS  0|AC  0|TAMS 0x0000000086500000, 0x0000000086500000|
|  82|0x0000000086600000, 0x0000000086600000, 0x0000000086700000|  0%| F|  |TS  0|AC  0|TAMS 0x0000000086600000, 0x0000000086600000|
|  83|0x0000000086700000, 0x0000000086700000, 0x0000000086800000|  0%| F|  |TS  0|AC  0|TAMS 0x0000000086700000, 0x0000000086700000|
|  84|0x0000000086800000, 0x0000000086800000, 0x0000000086900000|  0%| F|  |TS  0|AC  0|TAMS 0x0000000086800000, 0x0000000086800000|
|  85|0x0000000086900000, 0x0000000086900000, 0x0000000086a00000|  0%| F|  |TS  0|AC  0|TAMS 0x0000000086900000, 0x0000000086900000|
|  86|0x0000000086a00000, 0x0000000086a00000, 0x0000000086b00000|  0%| F|  |TS  0|AC  0|TAMS 0x0000000086a00000, 0x0000000086a00000|
|  87|0x0000000086b00000, 0x0000000086b00000, 0x0000000086c00000|  0%| F|  |TS  0|AC  0|TAMS 0x0000000086b00000, 0x0000000086b00000|
|  88|0x0000000086c00000, 0x0000000086c00000, 0x0000000086d00000|  0%| F|  |TS  0|AC  0|TAMS 0x0000000086c00000, 0x0000000086c00000|
|  89|0x0000000086d00000, 0x0000000086d00000, 0x0000000086e00000|  0%| F|  |TS  0|AC  0|TAMS 0x0000000086d00000, 0x0000000086d00000|
|  90|0x0000000086e00000, 0x0000000086e00000, 0x0000000086f00000|  0%| F|  |TS  0|AC  0|TAMS 0x0000000086e00000, 0x0000000086e00000|
|  91|0x0000000086f00000, 0x0000000086f00000, 0x0000000087000000|  0%| F|  |TS  0|AC  0|TAMS 0x0000000086f00000, 0x0000000086f00000|
|  92|0x0000000087000000, 0x0000000087000000, 0x0000000087100000|  0%| F|  |TS  0|AC  0|TAMS 0x0000000087000000, 0x0000000087000000|
|  93|0x0000000087100000, 0x0000000087100000, 0x0000000087200000|  0%| F|  |TS  0|AC  0|TAMS 0x0000000087100000, 0x0000000087100000|
|  94|0x0000000087200000, 0x0000000087200000, 0x0000000087300000|  0%| F|  |TS  0|AC  0|TAMS 0x0000000087200000, 0x0000000087200000|
|  95|0x0000000087300000, 0x0000000087300000, 0x0000000087400000|  0%| F|  |TS  0|AC  0|TAMS 0x0000000087300000, 0x0000000087300000|
|  96|0x0000000087400000, 0x0000000087400000, 0x0000000087500000|  0%| F|  |TS  0|AC  0|TAMS 0x0000000087400000, 0x0000000087400000|
|  97|0x0000000087500000, 0x0000000087500000, 0x0000000087600000|  0%| F|  |TS  0|AC  0|TAMS 0x0000000087500000, 0x0000000087500000|
|  98|0x0000000087600000, 0x0000000087600000, 0x0000000087700000|  0%| F|  |TS  0|AC  0|TAMS 0x0000000087600000, 0x0000000087600000|
|  99|0x0000000087700000, 0x0000000087700000, 0x0000000087800000|  0%| F|  |TS  0|AC  0|TAMS 0x0000000087700000, 0x0000000087700000|
| 100|0x0000000087800000, 0x0000000087800000, 0x0000000087900000|  0%| F|  |TS  0|AC  0|TAMS 0x0000000087800000, 0x0000000087800000|
| 101|0x0000000087900000, 0x0000000087900000, 0x0000000087a00000|  0%| F|  |TS  0|AC  0|TAMS 0x0000000087900000, 0x0000000087900000|
| 102|0x0000000087a00000, 0x0000000087a00000, 0x0000000087b00000|  0%| F|  |TS  0|AC  0|TAMS 0x0000000087a00000, 0x0000000087a00000|
| 103|0x0000000087b00000, 0x0000000087b00000, 0x0000000087c00000|  0%| F|  |TS  0|AC  0|TAMS 0x0000000087b00000, 0x0000000087b00000|
| 104|0x0000000087c00000, 0x0000000087c00000, 0x0000000087d00000|  0%| F|  |TS  0|AC  0|TAMS 0x0000000087c00000, 0x0000000087c00000|
| 105|0x0000000087d00000, 0x0000000087d00000, 0x0000000087e00000|  0%| F|  |TS  0|AC  0|TAMS 0x0000000087d00000, 0x0000000087d00000|
| 106|0x0000000087e00000, 0x0000000087e00000, 0x0000000087f00000|  0%| F|  |TS  0|AC  0|TAMS 0x0000000087e00000, 0x0000000087e00000|
| 107|0x0000000087f00000, 0x0000000087f00000, 0x0000000088000000|  0%| F|  |TS  0|AC  0|TAMS 0x0000000087f00000, 0x0000000087f00000|
| 108|0x0000000088000000, 0x0000000088000000, 0x0000000088100000|  0%| F|  |TS  0|AC  0|TAMS 0x0000000088000000, 0x0000000088000000|
| 109|0x0000000088100000, 0x0000000088100000, 0x0000000088200000|  0%| F|  |TS  0|AC  0|TAMS 0x0000000088100000, 0x0000000088100000|
| 110|0x0000000088200000, 0x0000000088200000, 0x0000000088300000|  0%| F|  |TS  0|AC  0|TAMS 0x0000000088200000, 0x0000000088200000|
| 111|0x0000000088300000, 0x0000000088300000, 0x0000000088400000|  0%| F|  |TS  0|AC  0|TAMS 0x0000000088300000, 0x0000000088300000|
| 112|0x0000000088400000, 0x0000000088400000, 0x0000000088500000|  0%| F|  |TS  0|AC  0|TAMS 0x0000000088400000, 0x0000000088400000|
| 113|0x0000000088500000, 0x0000000088500000, 0x0000000088600000|  0%| F|  |TS  0|AC  0|TAMS 0x0000000088500000, 0x0000000088500000|
| 114|0x0000000088600000, 0x0000000088600000, 0x0000000088700000|  0%| F|  |TS  0|AC  0|TAMS 0x0000000088600000, 0x0000000088600000|
| 115|0x0000000088700000, 0x0000000088700000, 0x0000000088800000|  0%| F|  |TS  0|AC  0|TAMS 0x0000000088700000, 0x0000000088700000|
| 116|0x0000000088800000, 0x0000000088800000, 0x0000000088900000|  0%| F|  |TS  0|AC  0|TAMS 0x0000000088800000, 0x0000000088800000|
| 117|0x0000000088900000, 0x0000000088900000, 0x0000000088a00000|  0%| F|  |TS  0|AC  0|TAMS 0x0000000088900000, 0x0000000088900000|
| 118|0x0000000088a00000, 0x0000000088a00000, 0x0000000088b00000|  0%| F|  |TS  0|AC  0|TAMS 0x0000000088a00000, 0x0000000088a00000|
| 119|0x0000000088b00000, 0x0000000088b00000, 0x0000000088c00000|  0%| F|  |TS  0|AC  0|TAMS 0x0000000088b00000, 0x0000000088b00000|
| 120|0x0000000088c00000, 0x0000000088c00000, 0x0000000088d00000|  0%| F|  |TS  0|AC  0|TAMS 0x0000000088c00000, 0x0000000088c00000|
| 121|0x0000000088d00000, 0x0000000088d00000, 0x0000000088e00000|  0%| F|  |TS  0|AC  0|TAMS 0x0000000088d00000, 0x0000000088d00000|
| 122|0x0000000088e00000, 0x0000000088e00000, 0x0000000088f00000|  0%| F|  |TS  0|AC  0|TAMS 0x0000000088e00000, 0x0000000088e00000|
| 123|0x0000000088f00000, 0x0000000088f00000, 0x0000000089000000|  0%| F|  |TS  0|AC  0|TAMS 0x0000000088f00000, 0x0000000088f00000|
| 124|0x0000000089000000, 0x0000000089000000, 0x0000000089100000|  0%| F|  |TS  0|AC  0|TAMS 0x0000000089000000, 0x0000000089000000|
| 125|0x0000000089100000, 0x00000000891d9950, 0x0000000089200000| 84%| E|  |TS  0|AC  0|TAMS 0x0000000089100000, 0x0000000089100000|
| 126|0x0000000089200000, 0x0000000089300000, 0x0000000089300000|100%| E|CS|TS  0|AC  0|TAMS 0x0000000089200000, 0x0000000089200000|
| 127|0x0000000089300000, 0x0000000089400000, 0x0000000089400000|100%| E|CS|TS  0|AC  0|TAMS 0x0000000089300000, 0x0000000089300000|

Card table byte_map: [0x0000025028d80000,0x0000025029180000] byte_map_base: 0x0000025028976000

Marking Bits (Prev, Next): (CMBitMap*) 0x000002500e67e1c0, (CMBitMap*) 0x000002500e67e1f8
 Prev Bits: [0x0000025029580000, 0x000002502b530000)
 Next Bits: [0x000002502b530000, 0x000002502d4e0000)

Polling page: 0x000002500c570000

CodeHeap 'non-profiled nmethods': size=120064Kb used=74Kb max_used=74Kb free=119990Kb
 bounds [0x0000025021440000, 0x00000250216b0000, 0x0000025028980000]
CodeHeap 'profiled nmethods': size=120000Kb used=278Kb max_used=278Kb free=119721Kb
 bounds [0x0000025019f10000, 0x000002501a180000, 0x0000025021440000]
CodeHeap 'non-nmethods': size=5696Kb used=1100Kb max_used=1111Kb free=4595Kb
 bounds [0x0000025019980000, 0x0000025019bf0000, 0x0000025019f10000]
 total_blobs=584 nmethods=210 adapters=207
 compilation: enabled

Compilation events (10 events):
Event: 0.300 Thread 0x000002502f9f9000  206       3       java.lang.String::startsWith (138 bytes)
Event: 0.301 Thread 0x000002502f9f9000 nmethod 206 0x0000025019f54090 code [0x0000025019f542e0, 0x0000025019f54cb8]
Event: 0.301 Thread 0x000002502f9ee000  207       4       java.lang.String::charAt (25 bytes)
Event: 0.302 Thread 0x000002502f9f5000  208       4       java.lang.StringLatin1::indexOf (61 bytes)
Event: 0.303 Thread 0x000002502f9ee000 nmethod 207 0x0000025021451d10 code [0x0000025021451ea0, 0x0000025021451ff8]
Event: 0.304 Thread 0x000002502f9f5000 nmethod 208 0x0000025021452110 code [0x00000250214522a0, 0x0000025021452458]
Event: 0.313 Thread 0x000002502f9f9000  209       3       java.lang.String::charAt (25 bytes)
Event: 0.313 Thread 0x000002502f9ee000  210       4       java.lang.String::isLatin1 (19 bytes)
Event: 0.313 Thread 0x000002502f9ee000 nmethod 210 0x0000025021452590 code [0x0000025021452720, 0x0000025021452798]
Event: 0.314 Thread 0x000002502f9f9000 nmethod 209 0x0000025019f54f90 code [0x0000025019f551a0, 0x0000025019f55720]

GC Heap History (0 events):
No events

Deoptimization events (4 events):
Event: 0.222 Thread 0x000002500e5f5800 Uncommon trap: reason=unstable_if action=reinterpret pc=0x000002502144c338 method=java.util.HashMap.putVal(ILjava/lang/Object;Ljava/lang/Object;ZZ)Ljava/lang/Object; @ 69 c2
Event: 0.243 Thread 0x000002500e5f5800 Uncommon trap: reason=unstable_if action=reinterpret pc=0x0000025021442d08 method=java.lang.String.hashCode()I @ 14 c2
Event: 0.260 Thread 0x000002500e5f5800 Uncommon trap: reason=unstable_if action=reinterpret pc=0x000002502144f2fc method=java.lang.String.isLatin1()Z @ 10 c2
Event: 0.312 Thread 0x000002500e5f5800 Uncommon trap: reason=unstable_if action=reinterpret pc=0x0000025021451f7c method=java.lang.String.charAt(I)C @ 4 c2

Classes redefined (2 events):
Event: 68.797 Thread 0x000002502f9c8800 redefined class name=SetCover, count=1
Event: 141.910 Thread 0x000002502f9c8800 redefined class name=SetCover, count=2

Internal exceptions (0 events):
No events

Events (10 events):
Event: 141.914 Executing VM operation: ChangeBreakpoints done
Event: 141.914 Executing VM operation: ChangeBreakpoints
Event: 141.914 Executing VM operation: ChangeBreakpoints done
Event: 141.915 Executing VM operation: GetFrameCount
Event: 141.915 Executing VM operation: GetFrameCount done
Event: 141.915 Executing VM operation: GetFrameLocation
Event: 141.915 Executing VM operation: GetFrameLocation done
Event: 141.915 Executing VM operation: GetFrameLocation
Event: 141.915 Executing VM operation: GetFrameLocation done
Event: 141.916 Executing VM operation: GetOrSetLocal


Dynamic libraries:
0x00007ff7ceab0000 - 0x00007ff7ceaee000 	C:\Program Files\Java\jdk-10.0.2\bin\java.exe
0x00007ffca42b0000 - 0x00007ffca449d000 	C:\WINDOWS\SYSTEM32\ntdll.dll
0x00007ffca41c0000 - 0x00007ffca4273000 	C:\WINDOWS\System32\KERNEL32.DLL
0x00007ffca0370000 - 0x00007ffca0603000 	C:\WINDOWS\System32\KERNELBASE.dll
0x00007ffca39d0000 - 0x00007ffca3a73000 	C:\WINDOWS\System32\ADVAPI32.dll
0x00007ffca3e50000 - 0x00007ffca3eee000 	C:\WINDOWS\System32\msvcrt.dll
0x00007ffca3c00000 - 0x00007ffca3c9e000 	C:\WINDOWS\System32\sechost.dll
0x00007ffca1b00000 - 0x00007ffca1c22000 	C:\WINDOWS\System32\RPCRT4.dll
0x00007ffca3ca0000 - 0x00007ffca3e37000 	C:\WINDOWS\System32\USER32.dll
0x00007ffca0640000 - 0x00007ffca0660000 	C:\WINDOWS\System32\win32u.dll
0x00007ffca4130000 - 0x00007ffca4159000 	C:\WINDOWS\System32\GDI32.dll
0x00007ffca1100000 - 0x00007ffca1299000 	C:\WINDOWS\System32\gdi32full.dll
0x00007ffca0db0000 - 0x00007ffca0e50000 	C:\WINDOWS\System32\msvcp_win.dll
0x00007ffca12a0000 - 0x00007ffca139a000 	C:\WINDOWS\System32\ucrtbase.dll
0x00007ffc91180000 - 0x00007ffc913f9000 	C:\WINDOWS\WinSxS\amd64_microsoft.windows.common-controls_6595b64144ccf1df_6.0.17763.802_none_05b1445c0722d2cc\COMCTL32.dll
0x00007ffc9b550000 - 0x00007ffc9b55a000 	C:\WINDOWS\SYSTEM32\VERSION.dll
0x00007ffca1c50000 - 0x00007ffca1f7c000 	C:\WINDOWS\System32\combase.dll
0x00007ffca13f0000 - 0x00007ffca146e000 	C:\WINDOWS\System32\bcryptPrimitives.dll
0x00007ffca1a70000 - 0x00007ffca1a9e000 	C:\WINDOWS\System32\IMM32.DLL
0x00007ffc6fcb0000 - 0x00007ffc6fd9f000 	C:\Program Files\Java\jdk-10.0.2\bin\msvcr120.dll
0x00007ffc738e0000 - 0x00007ffc73986000 	C:\Program Files\Java\jdk-10.0.2\bin\msvcp120.dll
0x0000000064360000 - 0x0000000064dd0000 	C:\Program Files\Java\jdk-10.0.2\bin\server\jvm.dll
0x00007ffca1c30000 - 0x00007ffca1c38000 	C:\WINDOWS\System32\PSAPI.DLL
0x00007ffc958e0000 - 0x00007ffc958e9000 	C:\WINDOWS\SYSTEM32\WSOCK32.dll
0x00007ffca3a80000 - 0x00007ffca3aed000 	C:\WINDOWS\System32\WS2_32.dll
0x00007ffc971d0000 - 0x00007ffc971f4000 	C:\WINDOWS\SYSTEM32\WINMM.dll
0x00007ffc97150000 - 0x00007ffc9717d000 	C:\WINDOWS\SYSTEM32\WINMMBASE.dll
0x00007ffca13a0000 - 0x00007ffca13ea000 	C:\WINDOWS\System32\cfgmgr32.dll
0x00007ffc95c80000 - 0x00007ffc95c8f000 	C:\Program Files\Java\jdk-10.0.2\bin\verify.dll
0x00007ffc9ebf0000 - 0x00007ffc9eddd000 	C:\WINDOWS\SYSTEM32\DBGHELP.DLL
0x00007ffc9aa10000 - 0x00007ffc9aa3a000 	C:\WINDOWS\SYSTEM32\dbgcore.DLL
0x00007ffc8f7c0000 - 0x00007ffc8f7e7000 	C:\Program Files\Java\jdk-10.0.2\bin\java.dll
0x00007ffc74ca0000 - 0x00007ffc74cd6000 	C:\Program Files\Java\jdk-10.0.2\bin\jdwp.dll
0x00007ffc83f90000 - 0x00007ffc83fba000 	C:\Program Files\Java\jdk-10.0.2\bin\instrument.dll
0x00007ffc8f770000 - 0x00007ffc8f786000 	C:\Program Files\Java\jdk-10.0.2\bin\zip.dll
0x00007ffc957c0000 - 0x00007ffc957ca000 	C:\Program Files\Java\jdk-10.0.2\bin\jimage.dll
0x00007ffca24d0000 - 0x00007ffca39c4000 	C:\WINDOWS\System32\SHELL32.dll
0x00007ffca3ef0000 - 0x00007ffca3f98000 	C:\WINDOWS\System32\shcore.dll
0x00007ffca0660000 - 0x00007ffca0dad000 	C:\WINDOWS\System32\windows.storage.dll
0x00007ffca0320000 - 0x00007ffca0344000 	C:\WINDOWS\System32\profapi.dll
0x00007ffca02c0000 - 0x00007ffca031d000 	C:\WINDOWS\System32\powrprof.dll
0x00007ffca3fa0000 - 0x00007ffca3ff2000 	C:\WINDOWS\System32\shlwapi.dll
0x00007ffca02a0000 - 0x00007ffca02b1000 	C:\WINDOWS\System32\kernel.appcore.dll
0x00007ffca1030000 - 0x00007ffca1047000 	C:\WINDOWS\System32\cryptsp.dll
0x00007ffc94e30000 - 0x00007ffc94e3a000 	C:\Program Files\Java\jdk-10.0.2\bin\dt_socket.dll
0x00007ffc9fab0000 - 0x00007ffc9fb17000 	C:\WINDOWS\system32\mswsock.dll
0x00007ffc75420000 - 0x00007ffc7543a000 	C:\Program Files\Java\jdk-10.0.2\bin\net.dll
0x00007ffc98f40000 - 0x00007ffc99032000 	C:\WINDOWS\SYSTEM32\WINHTTP.dll
0x00007ffc720b0000 - 0x00007ffc720c1000 	C:\Program Files\Java\jdk-10.0.2\bin\nio.dll

dbghelp: loaded successfully - version: 4.0.5 - missing functions: none
symbol engine: initialized successfully - sym options: 0x614 - pdb path: .;C:\Program Files\Java\jdk-10.0.2\bin;C:\WINDOWS\SYSTEM32;C:\WINDOWS\WinSxS\amd64_microsoft.windows.common-controls_6595b64144ccf1df_6.0.17763.802_none_05b1445c0722d2cc;C:\Program Files\Java\jdk-10.0.2\bin\server

VM Arguments:
jvm_args: -agentlib:jdwp=transport=dt_socket,address=127.0.0.1:52350,suspend=y,server=n -javaagent:C:\Users\mmack\AppData\Local\Temp\capture2205jars\debugger-agent.jar=file:/C:/Users/mmack/AppData/Local/Temp/capture.props -Dfile.encoding=UTF-8 
java_command: SetCover
java_class_path (initial): C:\Users\mmack\IdeaProjects\untitled1\out\production\untitled1;C:\Program Files\JetBrains\IntelliJ IDEA Community Edition 2018.1.2\lib\idea_rt.jar
Launcher Type: SUN_STANDARD

Logging:
Log output configuration:
#0: stdout all=warning uptime,level,tags
#1: stderr all=off uptime,level,tags

Environment Variables:
PATH=C:\Program Files (x86)\Common Files\Oracle\Java\javapath;C:\Program Files (x86)\Intel\iCLS Client\;C:\Program Files\Intel\iCLS Client\;C:\WINDOWS\system32;C:\WINDOWS;C:\WINDOWS\System32\Wbem;C:\WINDOWS\System32\WindowsPowerShell\v1.0\;C:\Program Files (x86)\Intel\Intel(R) Management Engine Components\DAL;C:\Program Files\Intel\Intel(R) Management Engine Components\DAL;C:\Program Files (x86)\Intel\Intel(R) Management Engine Components\IPT;C:\Program Files\Intel\Intel(R) Management Engine Components\IPT;C:\Program Files (x86)\Skype\Phone\;C:\Program Files (x86)\SMLNJ\bin\;C:\WINDOWS\System32\OpenSSH\;C:\Program Files\nodejs\;C:\Program Files\Git\cmd;C:\Users\mmack\AppData\Roaming\OCamlPro\OCPWin\wrappers;C:\Users\mmack\AppData\Roaming\OCamlPro\OCPWin\4.01.0+ocp1-full-mingw64-20160113\bin;C:\Users\mmack\AppData\Local\Microsoft\WindowsApps;;C:\Users\mmack\AppData\Local\Programs\Microsoft VS Code\bin;C:\Users\mmack\AppData\Roaming\npm
USERNAME=mmack
OS=Windows_NT
PROCESSOR_IDENTIFIER=Intel64 Family 6 Model 142 Stepping 9, GenuineIntel



---------------  S Y S T E M  ---------------

OS: Windows 10 , 64 bit Build 17763 (10.0.17763.475)

CPU:total 4 (initial active 4) (2 cores per cpu, 2 threads per core) family 6 model 142 stepping 9, cmov, cx8, fxsr, mmx, sse, sse2, sse3, ssse3, sse4.1, sse4.2, popcnt, avx, avx2, aes, clmul, erms, 3dnowpref, lzcnt, ht, tsc, tscinvbit, bmi1, bmi2, adx, fma

Memory: 4k page, physical 8303524k(3287552k free), swap 15133504k(3938192k free)

vm_info: Java HotSpot(TM) 64-Bit Server VM (10.0.2+13) for windows-amd64 JRE (10.0.2+13), built on Jun 28 2018 01:57:56 by "mach5one" with MS VC++ 12.0 (VS2013)

END.
