#
# A fatal error has been detected by the Java Runtime Environment:
#
#  Internal Error (t:/workspace/open/src/hotspot/share/oops/generateOopMap.cpp:2162), pid=24284, tid=19640
#  fatal error: Illegal class file encountered. Try running with -Xverify:all in method update_universal
#
# JRE version: Java(TM) SE Runtime Environment (10.0.2+13) (build 10.0.2+13)
# Java VM: Java HotSpot(TM) 64-Bit Server VM (10.0.2+13, mixed mode, tiered, compressed oops, g1 gc, windows-amd64)
# No core dump will be written. Minidumps are not enabled by default on client versions of Windows
#
# If you would like to submit a bug report, please visit:
#   http://bugreport.java.com/bugreport/crash.jsp
#

---------------  S U M M A R Y ------------

Command Line: -agentlib:jdwp=transport=dt_socket,address=127.0.0.1:51634,suspend=y,server=n -javaagent:C:\Users\mmack\AppData\Local\Temp\capture1162jars\debugger-agent.jar=file:/C:/Users/mmack/AppData/Local/Temp/capture.props -Dfile.encoding=UTF-8 SetCover

Host: Intel(R) Core(TM) i7-7500U CPU @ 2.70GHz, 4 cores, 7G,  Windows 10 , 64 bit Build 17763 (10.0.17763.475)
Time: Thu Nov 07 00:17:06 2019 Eastern Standard Time elapsed time: 330 seconds (0d 0h 5m 30s)

---------------  T H R E A D  ---------------

Current thread (0x000002b66d548800):  VMThread "VM Thread" [stack: 0x000000fc6d500000,0x000000fc6d600000] [id=19640]

Stack: [0x000000fc6d500000,0x000000fc6d600000]
[error occurred during error reporting (printing stack bounds), id 0xe0000000]

Native frames: (J=compiled Java code, j=interpreted, Vv=VM code, C=native code)
V  [jvm.dll+0x5a01a9]
V  [jvm.dll+0x6bcf31]
V  [jvm.dll+0x6be126]
V  [jvm.dll+0x6be715]
V  [jvm.dll+0x6be6cb]
V  [jvm.dll+0x59f993]
V  [jvm.dll+0x59fda8]
C  [ntdll.dll+0xa477f]
C  [ntdll.dll+0x4bef]
C  [ntdll.dll+0xa34ee]
C  0x000002b656d60ead

VM_Operation (0x000000fc6deff270): GetOrSetLocal, mode: safepoint, requested by thread 0x000002b66e1f5000


---------------  P R O C E S S  ---------------

Threads class SMR info:
_java_thread_list=0x000002b66e24d500, length=14, elements={
0x000002b64a226800, 0x000002b66d56a800, 0x000002b66d558800, 0x000002b66dee2800,
0x000002b66dee3800, 0x000002b66d576800, 0x000002b66d579800, 0x000002b66df28000,
0x000002b66df2e800, 0x000002b66e1f5000, 0x000002b66e22a800, 0x000002b66e29e000,
0x000002b66e1cc000, 0x000002b66e249800
}

Java Threads: ( => current thread )
  0x000002b64a226800 JavaThread "main" [_thread_blocked, id=19032, stack(0x000000fc6c800000,0x000000fc6c900000)]
  0x000002b66d56a800 JavaThread "Reference Handler" daemon [_thread_blocked, id=10400, stack(0x000000fc6d600000,0x000000fc6d700000)]
  0x000002b66d558800 JavaThread "Finalizer" daemon [_thread_blocked, id=23184, stack(0x000000fc6d700000,0x000000fc6d800000)]
  0x000002b66dee2800 JavaThread "Signal Dispatcher" daemon [_thread_blocked, id=15764, stack(0x000000fc6d800000,0x000000fc6d900000)]
  0x000002b66dee3800 JavaThread "Attach Listener" daemon [_thread_blocked, id=11392, stack(0x000000fc6d900000,0x000000fc6da00000)]
  0x000002b66d576800 JavaThread "C2 CompilerThread0" daemon [_thread_blocked, id=15060, stack(0x000000fc6da00000,0x000000fc6db00000)]
  0x000002b66d579800 JavaThread "C2 CompilerThread1" daemon [_thread_blocked, id=20700, stack(0x000000fc6db00000,0x000000fc6dc00000)]
  0x000002b66df28000 JavaThread "C1 CompilerThread2" daemon [_thread_blocked, id=10760, stack(0x000000fc6dc00000,0x000000fc6dd00000)]
  0x000002b66df2e800 JavaThread "Sweeper thread" daemon [_thread_blocked, id=23692, stack(0x000000fc6dd00000,0x000000fc6de00000)]
  0x000002b66e1f5000 JavaThread "JDWP Transport Listener: dt_socket" daemon [_thread_blocked, id=11404, stack(0x000000fc6de00000,0x000000fc6df00000)] _threads_hazard_ptr=0x000002b66e24d500
  0x000002b66e22a800 JavaThread "JDWP Event Helper Thread" daemon [_thread_blocked, id=12440, stack(0x000000fc6df00000,0x000000fc6e000000)]
  0x000002b66e29e000 JavaThread "JDWP Command Reader" daemon [_thread_in_native, id=5312, stack(0x000000fc6e000000,0x000000fc6e100000)]
  0x000002b66e1cc000 JavaThread "Common-Cleaner" daemon [_thread_blocked, id=4724, stack(0x000000fc6e100000,0x000000fc6e200000)]
  0x000002b66e249800 JavaThread "Service Thread" daemon [_thread_blocked, id=19516, stack(0x000000fc6e200000,0x000000fc6e300000)]

Other Threads:
=>0x000002b66d548800 VMThread "VM Thread" [stack: 0x000000fc6d500000,0x000000fc6d600000] [id=19640]
  0x000002b66e24b000 WatcherThread [stack: 0x000000fc6e300000,0x000000fc6e400000] [id=4864]
  0x000002b64a23f000 GCTaskThread "GC Thread#0" [stack: 0x000000fc6ca00000,0x000000fc6cb00000] [id=13136]
  0x000002b64a240800 GCTaskThread "GC Thread#1" [stack: 0x000000fc6cb00000,0x000000fc6cc00000] [id=276]
  0x000002b64a242000 GCTaskThread "GC Thread#2" [stack: 0x000000fc6cc00000,0x000000fc6cd00000] [id=2800]
  0x000002b64a244800 GCTaskThread "GC Thread#3" [stack: 0x000000fc6cd00000,0x000000fc6ce00000] [id=15520]
  0x000002b64a2af000 ConcurrentGCThread "G1 Main Marker" [stack: 0x000000fc6ce00000,0x000000fc6cf00000] [id=20844]
  0x000002b64a2b2000 ConcurrentGCThread "G1 Conc#0" [stack: 0x000000fc6cf00000,0x000000fc6d000000] [id=23160]
  0x000002b66d3d5800 ConcurrentGCThread "G1 Refine#0" [stack: 0x000000fc6d000000,0x000000fc6d100000] [id=24000]
  0x000002b66d3d6800 ConcurrentGCThread "G1 Refine#1" [stack: 0x000000fc6d100000,0x000000fc6d200000] [id=7620]
  0x000002b66d3d7800 ConcurrentGCThread "G1 Refine#2" [stack: 0x000000fc6d200000,0x000000fc6d300000] [id=19556]
  0x000002b66d3d9000 ConcurrentGCThread "G1 Refine#3" [stack: 0x000000fc6d300000,0x000000fc6d400000] [id=9492]
  0x000002b66d3dc000 ConcurrentGCThread "G1 Young RemSet Sampling" [stack: 0x000000fc6d400000,0x000000fc6d500000] [id=16424]

Threads with active compile tasks:

VM state:at safepoint (normal execution)

VM Mutex/Monitor currently owned by a thread:  ([mutex/lock_event])
[0x000002b64a223660] Threads_lock - owner thread: 0x000002b66d548800

Heap address: 0x0000000081400000, size: 2028 MB, Compressed Oops mode: 32-bit
Narrow klass base: 0x0000000000000000, Narrow klass shift: 3
Compressed class space size: 1073741824 Address: 0x0000000100000000

Heap:
 garbage-first heap   total 131072K, used 2048K [0x0000000081400000, 0x0000000100000000)
  region size 1024K, 3 young (3072K), 0 survivors (0K)
 Metaspace       used 5187K, capacity 5328K, committed 5376K, reserved 1056768K
  class space    used 437K, capacity 496K, committed 512K, reserved 1048576K
Heap Regions: E=young(eden), S=young(survivor), O=old, HS=humongous(starts), HC=humongous(continues), CS=collection set, F=free, A=archive, TS=gc time stamp, AC=allocation context, TAMS=top-at-mark-start (previous, next)
|   0|0x0000000081400000, 0x0000000081400000, 0x0000000081500000|  0%| F|  |TS  0|AC  0|TAMS 0x0000000081400000, 0x0000000081400000|
|   1|0x0000000081500000, 0x0000000081500000, 0x0000000081600000|  0%| F|  |TS  0|AC  0|TAMS 0x0000000081500000, 0x0000000081500000|
|   2|0x0000000081600000, 0x0000000081600000, 0x0000000081700000|  0%| F|  |TS  0|AC  0|TAMS 0x0000000081600000, 0x0000000081600000|
|   3|0x0000000081700000, 0x0000000081700000, 0x0000000081800000|  0%| F|  |TS  0|AC  0|TAMS 0x0000000081700000, 0x0000000081700000|
|   4|0x0000000081800000, 0x0000000081800000, 0x0000000081900000|  0%| F|  |TS  0|AC  0|TAMS 0x0000000081800000, 0x0000000081800000|
|   5|0x0000000081900000, 0x0000000081900000, 0x0000000081a00000|  0%| F|  |TS  0|AC  0|TAMS 0x0000000081900000, 0x0000000081900000|
|   6|0x0000000081a00000, 0x0000000081a00000, 0x0000000081b00000|  0%| F|  |TS  0|AC  0|TAMS 0x0000000081a00000, 0x0000000081a00000|
|   7|0x0000000081b00000, 0x0000000081b00000, 0x0000000081c00000|  0%| F|  |TS  0|AC  0|TAMS 0x0000000081b00000, 0x0000000081b00000|
|   8|0x0000000081c00000, 0x0000000081c00000, 0x0000000081d00000|  0%| F|  |TS  0|AC  0|TAMS 0x0000000081c00000, 0x0000000081c00000|
|   9|0x0000000081d00000, 0x0000000081d00000, 0x0000000081e00000|  0%| F|  |TS  0|AC  0|TAMS 0x0000000081d00000, 0x0000000081d00000|
|  10|0x0000000081e00000, 0x0000000081e00000, 0x0000000081f00000|  0%| F|  |TS  0|AC  0|TAMS 0x0000000081e00000, 0x0000000081e00000|
|  11|0x0000000081f00000, 0x0000000081f00000, 0x0000000082000000|  0%| F|  |TS  0|AC  0|TAMS 0x0000000081f00000, 0x0000000081f00000|
|  12|0x0000000082000000, 0x0000000082000000, 0x0000000082100000|  0%| F|  |TS  0|AC  0|TAMS 0x0000000082000000, 0x0000000082000000|
|  13|0x0000000082100000, 0x0000000082100000, 0x0000000082200000|  0%| F|  |TS  0|AC  0|TAMS 0x0000000082100000, 0x0000000082100000|
|  14|0x0000000082200000, 0x0000000082200000, 0x0000000082300000|  0%| F|  |TS  0|AC  0|TAMS 0x0000000082200000, 0x0000000082200000|
|  15|0x0000000082300000, 0x0000000082300000, 0x0000000082400000|  0%| F|  |TS  0|AC  0|TAMS 0x0000000082300000, 0x0000000082300000|
|  16|0x0000000082400000, 0x0000000082400000, 0x0000000082500000|  0%| F|  |TS  0|AC  0|TAMS 0x0000000082400000, 0x0000000082400000|
|  17|0x0000000082500000, 0x0000000082500000, 0x0000000082600000|  0%| F|  |TS  0|AC  0|TAMS 0x0000000082500000, 0x0000000082500000|
|  18|0x0000000082600000, 0x0000000082600000, 0x0000000082700000|  0%| F|  |TS  0|AC  0|TAMS 0x0000000082600000, 0x0000000082600000|
|  19|0x0000000082700000, 0x0000000082700000, 0x0000000082800000|  0%| F|  |TS  0|AC  0|TAMS 0x0000000082700000, 0x0000000082700000|
|  20|0x0000000082800000, 0x0000000082800000, 0x0000000082900000|  0%| F|  |TS  0|AC  0|TAMS 0x0000000082800000, 0x0000000082800000|
|  21|0x0000000082900000, 0x0000000082900000, 0x0000000082a00000|  0%| F|  |TS  0|AC  0|TAMS 0x0000000082900000, 0x0000000082900000|
|  22|0x0000000082a00000, 0x0000000082a00000, 0x0000000082b00000|  0%| F|  |TS  0|AC  0|TAMS 0x0000000082a00000, 0x0000000082a00000|
|  23|0x0000000082b00000, 0x0000000082b00000, 0x0000000082c00000|  0%| F|  |TS  0|AC  0|TAMS 0x0000000082b00000, 0x0000000082b00000|
|  24|0x0000000082c00000, 0x0000000082c00000, 0x0000000082d00000|  0%| F|  |TS  0|AC  0|TAMS 0x0000000082c00000, 0x0000000082c00000|
|  25|0x0000000082d00000, 0x0000000082d00000, 0x0000000082e00000|  0%| F|  |TS  0|AC  0|TAMS 0x0000000082d00000, 0x0000000082d00000|
|  26|0x0000000082e00000, 0x0000000082e00000, 0x0000000082f00000|  0%| F|  |TS  0|AC  0|TAMS 0x0000000082e00000, 0x0000000082e00000|
|  27|0x0000000082f00000, 0x0000000082f00000, 0x0000000083000000|  0%| F|  |TS  0|AC  0|TAMS 0x0000000082f00000, 0x0000000082f00000|
|  28|0x0000000083000000, 0x0000000083000000, 0x0000000083100000|  0%| F|  |TS  0|AC  0|TAMS 0x0000000083000000, 0x0000000083000000|
|  29|0x0000000083100000, 0x0000000083100000, 0x0000000083200000|  0%| F|  |TS  0|AC  0|TAMS 0x0000000083100000, 0x0000000083100000|
|  30|0x0000000083200000, 0x0000000083200000, 0x0000000083300000|  0%| F|  |TS  0|AC  0|TAMS 0x0000000083200000, 0x0000000083200000|
|  31|0x0000000083300000, 0x0000000083300000, 0x0000000083400000|  0%| F|  |TS  0|AC  0|TAMS 0x0000000083300000, 0x0000000083300000|
|  32|0x0000000083400000, 0x0000000083400000, 0x0000000083500000|  0%| F|  |TS  0|AC  0|TAMS 0x0000000083400000, 0x0000000083400000|
|  33|0x0000000083500000, 0x0000000083500000, 0x0000000083600000|  0%| F|  |TS  0|AC  0|TAMS 0x0000000083500000, 0x0000000083500000|
|  34|0x0000000083600000, 0x0000000083600000, 0x0000000083700000|  0%| F|  |TS  0|AC  0|TAMS 0x0000000083600000, 0x0000000083600000|
|  35|0x0000000083700000, 0x0000000083700000, 0x0000000083800000|  0%| F|  |TS  0|AC  0|TAMS 0x0000000083700000, 0x0000000083700000|
|  36|0x0000000083800000, 0x0000000083800000, 0x0000000083900000|  0%| F|  |TS  0|AC  0|TAMS 0x0000000083800000, 0x0000000083800000|
|  37|0x0000000083900000, 0x0000000083900000, 0x0000000083a00000|  0%| F|  |TS  0|AC  0|TAMS 0x0000000083900000, 0x0000000083900000|
|  38|0x0000000083a00000, 0x0000000083a00000, 0x0000000083b00000|  0%| F|  |TS  0|AC  0|TAMS 0x0000000083a00000, 0x0000000083a00000|
|  39|0x0000000083b00000, 0x0000000083b00000, 0x0000000083c00000|  0%| F|  |TS  0|AC  0|TAMS 0x0000000083b00000, 0x0000000083b00000|
|  40|0x0000000083c00000, 0x0000000083c00000, 0x0000000083d00000|  0%| F|  |TS  0|AC  0|TAMS 0x0000000083c00000, 0x0000000083c00000|
|  41|0x0000000083d00000, 0x0000000083d00000, 0x0000000083e00000|  0%| F|  |TS  0|AC  0|TAMS 0x0000000083d00000, 0x0000000083d00000|
|  42|0x0000000083e00000, 0x0000000083e00000, 0x0000000083f00000|  0%| F|  |TS  0|AC  0|TAMS 0x0000000083e00000, 0x0000000083e00000|
|  43|0x0000000083f00000, 0x0000000083f00000, 0x0000000084000000|  0%| F|  |TS  0|AC  0|TAMS 0x0000000083f00000, 0x0000000083f00000|
|  44|0x0000000084000000, 0x0000000084000000, 0x0000000084100000|  0%| F|  |TS  0|AC  0|TAMS 0x0000000084000000, 0x0000000084000000|
|  45|0x0000000084100000, 0x0000000084100000, 0x0000000084200000|  0%| F|  |TS  0|AC  0|TAMS 0x0000000084100000, 0x0000000084100000|
|  46|0x0000000084200000, 0x0000000084200000, 0x0000000084300000|  0%| F|  |TS  0|AC  0|TAMS 0x0000000084200000, 0x0000000084200000|
|  47|0x0000000084300000, 0x0000000084300000, 0x0000000084400000|  0%| F|  |TS  0|AC  0|TAMS 0x0000000084300000, 0x0000000084300000|
|  48|0x0000000084400000, 0x0000000084400000, 0x0000000084500000|  0%| F|  |TS  0|AC  0|TAMS 0x0000000084400000, 0x0000000084400000|
|  49|0x0000000084500000, 0x0000000084500000, 0x0000000084600000|  0%| F|  |TS  0|AC  0|TAMS 0x0000000084500000, 0x0000000084500000|
|  50|0x0000000084600000, 0x0000000084600000, 0x0000000084700000|  0%| F|  |TS  0|AC  0|TAMS 0x0000000084600000, 0x0000000084600000|
|  51|0x0000000084700000, 0x0000000084700000, 0x0000000084800000|  0%| F|  |TS  0|AC  0|TAMS 0x0000000084700000, 0x0000000084700000|
|  52|0x0000000084800000, 0x0000000084800000, 0x0000000084900000|  0%| F|  |TS  0|AC  0|TAMS 0x0000000084800000, 0x0000000084800000|
|  53|0x0000000084900000, 0x0000000084900000, 0x0000000084a00000|  0%| F|  |TS  0|AC  0|TAMS 0x0000000084900000, 0x0000000084900000|
|  54|0x0000000084a00000, 0x0000000084a00000, 0x0000000084b00000|  0%| F|  |TS  0|AC  0|TAMS 0x0000000084a00000, 0x0000000084a00000|
|  55|0x0000000084b00000, 0x0000000084b00000, 0x0000000084c00000|  0%| F|  |TS  0|AC  0|TAMS 0x0000000084b00000, 0x0000000084b00000|
|  56|0x0000000084c00000, 0x0000000084c00000, 0x0000000084d00000|  0%| F|  |TS  0|AC  0|TAMS 0x0000000084c00000, 0x0000000084c00000|
|  57|0x0000000084d00000, 0x0000000084d00000, 0x0000000084e00000|  0%| F|  |TS  0|AC  0|TAMS 0x0000000084d00000, 0x0000000084d00000|
|  58|0x0000000084e00000, 0x0000000084e00000, 0x0000000084f00000|  0%| F|  |TS  0|AC  0|TAMS 0x0000000084e00000, 0x0000000084e00000|
|  59|0x0000000084f00000, 0x0000000084f00000, 0x0000000085000000|  0%| F|  |TS  0|AC  0|TAMS 0x0000000084f00000, 0x0000000084f00000|
|  60|0x0000000085000000, 0x0000000085000000, 0x0000000085100000|  0%| F|  |TS  0|AC  0|TAMS 0x0000000085000000, 0x0000000085000000|
|  61|0x0000000085100000, 0x0000000085100000, 0x0000000085200000|  0%| F|  |TS  0|AC  0|TAMS 0x0000000085100000, 0x0000000085100000|
|  62|0x0000000085200000, 0x0000000085200000, 0x0000000085300000|  0%| F|  |TS  0|AC  0|TAMS 0x0000000085200000, 0x0000000085200000|
|  63|0x0000000085300000, 0x0000000085300000, 0x0000000085400000|  0%| F|  |TS  0|AC  0|TAMS 0x0000000085300000, 0x0000000085300000|
|  64|0x0000000085400000, 0x0000000085400000, 0x0000000085500000|  0%| F|  |TS  0|AC  0|TAMS 0x0000000085400000, 0x0000000085400000|
|  65|0x0000000085500000, 0x0000000085500000, 0x0000000085600000|  0%| F|  |TS  0|AC  0|TAMS 0x0000000085500000, 0x0000000085500000|
|  66|0x0000000085600000, 0x0000000085600000, 0x0000000085700000|  0%| F|  |TS  0|AC  0|TAMS 0x0000000085600000, 0x0000000085600000|
|  67|0x0000000085700000, 0x0000000085700000, 0x0000000085800000|  0%| F|  |TS  0|AC  0|TAMS 0x0000000085700000, 0x0000000085700000|
|  68|0x0000000085800000, 0x0000000085800000, 0x0000000085900000|  0%| F|  |TS  0|AC  0|TAMS 0x0000000085800000, 0x0000000085800000|
|  69|0x0000000085900000, 0x0000000085900000, 0x0000000085a00000|  0%| F|  |TS  0|AC  0|TAMS 0x0000000085900000, 0x0000000085900000|
|  70|0x0000000085a00000, 0x0000000085a00000, 0x0000000085b00000|  0%| F|  |TS  0|AC  0|TAMS 0x0000000085a00000, 0x0000000085a00000|
|  71|0x0000000085b00000, 0x0000000085b00000, 0x0000000085c00000|  0%| F|  |TS  0|AC  0|TAMS 0x0000000085b00000, 0x0000000085b00000|
|  72|0x0000000085c00000, 0x0000000085c00000, 0x0000000085d00000|  0%| F|  |TS  0|AC  0|TAMS 0x0000000085c00000, 0x0000000085c00000|
|  73|0x0000000085d00000, 0x0000000085d00000, 0x0000000085e00000|  0%| F|  |TS  0|AC  0|TAMS 0x0000000085d00000, 0x0000000085d00000|
|  74|0x0000000085e00000, 0x0000000085e00000, 0x0000000085f00000|  0%| F|  |TS  0|AC  0|TAMS 0x0000000085e00000, 0x0000000085e00000|
|  75|0x0000000085f00000, 0x0000000085f00000, 0x0000000086000000|  0%| F|  |TS  0|AC  0|TAMS 0x0000000085f00000, 0x0000000085f00000|
|  76|0x0000000086000000, 0x0000000086000000, 0x0000000086100000|  0%| F|  |TS  0|AC  0|TAMS 0x0000000086000000, 0x0000000086000000|
|  77|0x0000000086100000, 0x0000000086100000, 0x0000000086200000|  0%| F|  |TS  0|AC  0|TAMS 0x0000000086100000, 0x0000000086100000|
|  78|0x0000000086200000, 0x0000000086200000, 0x0000000086300000|  0%| F|  |TS  0|AC  0|TAMS 0x0000000086200000, 0x0000000086200000|
|  79|0x0000000086300000, 0x0000000086300000, 0x0000000086400000|  0%| F|  |TS  0|AC  0|TAMS 0x0000000086300000, 0x0000000086300000|
|  80|0x0000000086400000, 0x0000000086400000, 0x0000000086500000|  0%| F|  |TS  0|AC  0|TAMS 0x0000000086400000, 0x0000000086400000|
|  81|0x0000000086500000, 0x0000000086500000, 0x0000000086600000|  0%| F|  |TS  0|AC  0|TAMS 0x0000000086500000, 0x0000000086500000|
|  82|0x0000000086600000, 0x0000000086600000, 0x0000000086700000|  0%| F|  |TS  0|AC  0|TAMS 0x0000000086600000, 0x0000000086600000|
|  83|0x0000000086700000, 0x0000000086700000, 0x0000000086800000|  0%| F|  |TS  0|AC  0|TAMS 0x0000000086700000, 0x0000000086700000|
|  84|0x0000000086800000, 0x0000000086800000, 0x0000000086900000|  0%| F|  |TS  0|AC  0|TAMS 0x0000000086800000, 0x0000000086800000|
|  85|0x0000000086900000, 0x0000000086900000, 0x0000000086a00000|  0%| F|  |TS  0|AC  0|TAMS 0x0000000086900000, 0x0000000086900000|
|  86|0x0000000086a00000, 0x0000000086a00000, 0x0000000086b00000|  0%| F|  |TS  0|AC  0|TAMS 0x0000000086a00000, 0x0000000086a00000|
|  87|0x0000000086b00000, 0x0000000086b00000, 0x0000000086c00000|  0%| F|  |TS  0|AC  0|TAMS 0x0000000086b00000, 0x0000000086b00000|
|  88|0x0000000086c00000, 0x0000000086c00000, 0x0000000086d00000|  0%| F|  |TS  0|AC  0|TAMS 0x0000000086c00000, 0x0000000086c00000|
|  89|0x0000000086d00000, 0x0000000086d00000, 0x0000000086e00000|  0%| F|  |TS  0|AC  0|TAMS 0x0000000086d00000, 0x0000000086d00000|
|  90|0x0000000086e00000, 0x0000000086e00000, 0x0000000086f00000|  0%| F|  |TS  0|AC  0|TAMS 0x0000000086e00000, 0x0000000086e00000|
|  91|0x0000000086f00000, 0x0000000086f00000, 0x0000000087000000|  0%| F|  |TS  0|AC  0|TAMS 0x0000000086f00000, 0x0000000086f00000|
|  92|0x0000000087000000, 0x0000000087000000, 0x0000000087100000|  0%| F|  |TS  0|AC  0|TAMS 0x0000000087000000, 0x0000000087000000|
|  93|0x0000000087100000, 0x0000000087100000, 0x0000000087200000|  0%| F|  |TS  0|AC  0|TAMS 0x0000000087100000, 0x0000000087100000|
|  94|0x0000000087200000, 0x0000000087200000, 0x0000000087300000|  0%| F|  |TS  0|AC  0|TAMS 0x0000000087200000, 0x0000000087200000|
|  95|0x0000000087300000, 0x0000000087300000, 0x0000000087400000|  0%| F|  |TS  0|AC  0|TAMS 0x0000000087300000, 0x0000000087300000|
|  96|0x0000000087400000, 0x0000000087400000, 0x0000000087500000|  0%| F|  |TS  0|AC  0|TAMS 0x0000000087400000, 0x0000000087400000|
|  97|0x0000000087500000, 0x0000000087500000, 0x0000000087600000|  0%| F|  |TS  0|AC  0|TAMS 0x0000000087500000, 0x0000000087500000|
|  98|0x0000000087600000, 0x0000000087600000, 0x0000000087700000|  0%| F|  |TS  0|AC  0|TAMS 0x0000000087600000, 0x0000000087600000|
|  99|0x0000000087700000, 0x0000000087700000, 0x0000000087800000|  0%| F|  |TS  0|AC  0|TAMS 0x0000000087700000, 0x0000000087700000|
| 100|0x0000000087800000, 0x0000000087800000, 0x0000000087900000|  0%| F|  |TS  0|AC  0|TAMS 0x0000000087800000, 0x0000000087800000|
| 101|0x0000000087900000, 0x0000000087900000, 0x0000000087a00000|  0%| F|  |TS  0|AC  0|TAMS 0x0000000087900000, 0x0000000087900000|
| 102|0x0000000087a00000, 0x0000000087a00000, 0x0000000087b00000|  0%| F|  |TS  0|AC  0|TAMS 0x0000000087a00000, 0x0000000087a00000|
| 103|0x0000000087b00000, 0x0000000087b00000, 0x0000000087c00000|  0%| F|  |TS  0|AC  0|TAMS 0x0000000087b00000, 0x0000000087b00000|
| 104|0x0000000087c00000, 0x0000000087c00000, 0x0000000087d00000|  0%| F|  |TS  0|AC  0|TAMS 0x0000000087c00000, 0x0000000087c00000|
| 105|0x0000000087d00000, 0x0000000087d00000, 0x0000000087e00000|  0%| F|  |TS  0|AC  0|TAMS 0x0000000087d00000, 0x0000000087d00000|
| 106|0x0000000087e00000, 0x0000000087e00000, 0x0000000087f00000|  0%| F|  |TS  0|AC  0|TAMS 0x0000000087e00000, 0x0000000087e00000|
| 107|0x0000000087f00000, 0x0000000087f00000, 0x0000000088000000|  0%| F|  |TS  0|AC  0|TAMS 0x0000000087f00000, 0x0000000087f00000|
| 108|0x0000000088000000, 0x0000000088000000, 0x0000000088100000|  0%| F|  |TS  0|AC  0|TAMS 0x0000000088000000, 0x0000000088000000|
| 109|0x0000000088100000, 0x0000000088100000, 0x0000000088200000|  0%| F|  |TS  0|AC  0|TAMS 0x0000000088100000, 0x0000000088100000|
| 110|0x0000000088200000, 0x0000000088200000, 0x0000000088300000|  0%| F|  |TS  0|AC  0|TAMS 0x0000000088200000, 0x0000000088200000|
| 111|0x0000000088300000, 0x0000000088300000, 0x0000000088400000|  0%| F|  |TS  0|AC  0|TAMS 0x0000000088300000, 0x0000000088300000|
| 112|0x0000000088400000, 0x0000000088400000, 0x0000000088500000|  0%| F|  |TS  0|AC  0|TAMS 0x0000000088400000, 0x0000000088400000|
| 113|0x0000000088500000, 0x0000000088500000, 0x0000000088600000|  0%| F|  |TS  0|AC  0|TAMS 0x0000000088500000, 0x0000000088500000|
| 114|0x0000000088600000, 0x0000000088600000, 0x0000000088700000|  0%| F|  |TS  0|AC  0|TAMS 0x0000000088600000, 0x0000000088600000|
| 115|0x0000000088700000, 0x0000000088700000, 0x0000000088800000|  0%| F|  |TS  0|AC  0|TAMS 0x0000000088700000, 0x0000000088700000|
| 116|0x0000000088800000, 0x0000000088800000, 0x0000000088900000|  0%| F|  |TS  0|AC  0|TAMS 0x0000000088800000, 0x0000000088800000|
| 117|0x0000000088900000, 0x0000000088900000, 0x0000000088a00000|  0%| F|  |TS  0|AC  0|TAMS 0x0000000088900000, 0x0000000088900000|
| 118|0x0000000088a00000, 0x0000000088a00000, 0x0000000088b00000|  0%| F|  |TS  0|AC  0|TAMS 0x0000000088a00000, 0x0000000088a00000|
| 119|0x0000000088b00000, 0x0000000088b00000, 0x0000000088c00000|  0%| F|  |TS  0|AC  0|TAMS 0x0000000088b00000, 0x0000000088b00000|
| 120|0x0000000088c00000, 0x0000000088c00000, 0x0000000088d00000|  0%| F|  |TS  0|AC  0|TAMS 0x0000000088c00000, 0x0000000088c00000|
| 121|0x0000000088d00000, 0x0000000088d00000, 0x0000000088e00000|  0%| F|  |TS  0|AC  0|TAMS 0x0000000088d00000, 0x0000000088d00000|
| 122|0x0000000088e00000, 0x0000000088e00000, 0x0000000088f00000|  0%| F|  |TS  0|AC  0|TAMS 0x0000000088e00000, 0x0000000088e00000|
| 123|0x0000000088f00000, 0x0000000088f00000, 0x0000000089000000|  0%| F|  |TS  0|AC  0|TAMS 0x0000000088f00000, 0x0000000088f00000|
| 124|0x0000000089000000, 0x0000000089000000, 0x0000000089100000|  0%| F|  |TS  0|AC  0|TAMS 0x0000000089000000, 0x0000000089000000|
| 125|0x0000000089100000, 0x00000000891d9998, 0x0000000089200000| 84%| E|  |TS  0|AC  0|TAMS 0x0000000089100000, 0x0000000089100000|
| 126|0x0000000089200000, 0x0000000089300000, 0x0000000089300000|100%| E|CS|TS  0|AC  0|TAMS 0x0000000089200000, 0x0000000089200000|
| 127|0x0000000089300000, 0x0000000089400000, 0x0000000089400000|100%| E|CS|TS  0|AC  0|TAMS 0x0000000089300000, 0x0000000089300000|

Card table byte_map: [0x000002b666780000,0x000002b666b80000] byte_map_base: 0x000002b666376000

Marking Bits (Prev, Next): (CMBitMap*) 0x000002b64a2ae010, (CMBitMap*) 0x000002b64a2ae048
 Prev Bits: [0x000002b666f80000, 0x000002b668f30000)
 Next Bits: [0x000002b668f30000, 0x000002b66aee0000)

Polling page: 0x000002b649fb0000

CodeHeap 'non-profiled nmethods': size=120064Kb used=69Kb max_used=69Kb free=119994Kb
 bounds [0x000002b65e820000, 0x000002b65ea90000, 0x000002b665d60000]
CodeHeap 'profiled nmethods': size=120000Kb used=266Kb max_used=266Kb free=119733Kb
 bounds [0x000002b6572f0000, 0x000002b657560000, 0x000002b65e820000]
CodeHeap 'non-nmethods': size=5696Kb used=1101Kb max_used=1112Kb free=4594Kb
 bounds [0x000002b656d60000, 0x000002b656fd0000, 0x000002b6572f0000]
 total_blobs=575 nmethods=203 adapters=207
 compilation: enabled

Compilation events (10 events):
Event: 0.499 Thread 0x000002b66df28000  200       3       java.lang.String::startsWith (138 bytes)
Event: 0.500 Thread 0x000002b66df28000 nmethod 200 0x000002b657330a90 code [0x000002b657330ce0, 0x000002b6573316b8]
Event: 0.500 Thread 0x000002b66d576800  202       4       java.lang.String::charAt (25 bytes)
Event: 0.500 Thread 0x000002b66df28000  201       3       java.lang.String::getBytes (44 bytes)
Event: 0.501 Thread 0x000002b66df28000 nmethod 201 0x000002b657331990 code [0x000002b657331b80, 0x000002b657331f40]
Event: 0.501 Thread 0x000002b66d579800  203       4       java.lang.StringLatin1::indexOf (61 bytes)
Event: 0.502 Thread 0x000002b66d576800 nmethod 202 0x000002b65e830e90 code [0x000002b65e831020, 0x000002b65e831178]
Event: 0.508 Thread 0x000002b66d579800 nmethod 203 0x000002b65e831290 code [0x000002b65e831420, 0x000002b65e8315d8]
Event: 0.526 Thread 0x000002b66df28000  204       3       java.lang.String::charAt (25 bytes)
Event: 0.526 Thread 0x000002b66df28000 nmethod 204 0x000002b657332110 code [0x000002b657332320, 0x000002b6573328a0]

GC Heap History (0 events):
No events

Deoptimization events (4 events):
Event: 0.365 Thread 0x000002b64a226800 Uncommon trap: reason=unstable_if action=reinterpret pc=0x000002b65e82d528 method=java.util.HashMap.putVal(ILjava/lang/Object;Ljava/lang/Object;ZZ)Ljava/lang/Object; @ 69 c2
Event: 0.396 Thread 0x000002b64a226800 Uncommon trap: reason=unstable_if action=reinterpret pc=0x000002b65e822b28 method=java.lang.String.hashCode()I @ 14 c2
Event: 0.419 Thread 0x000002b64a226800 Uncommon trap: reason=unstable_if action=reinterpret pc=0x000002b65e82f8fc method=java.lang.String.isLatin1()Z @ 10 c2
Event: 0.524 Thread 0x000002b64a226800 Uncommon trap: reason=unstable_if action=reinterpret pc=0x000002b65e8310fc method=java.lang.String.charAt(I)C @ 4 c2

Classes redefined (2 events):
Event: 230.294 Thread 0x000002b66d548800 redefined class name=SetCover, count=1
Event: 330.708 Thread 0x000002b66d548800 redefined class name=SetCover, count=2

Internal exceptions (0 events):
No events

Events (10 events):
Event: 330.714 Executing VM operation: ChangeBreakpoints done
Event: 330.716 Executing VM operation: GetFrameCount
Event: 330.716 Executing VM operation: GetFrameCount done
Event: 330.716 Executing VM operation: GetFrameLocation
Event: 330.716 Executing VM operation: GetFrameLocation done
Event: 330.716 Executing VM operation: GetFrameLocation
Event: 330.716 Executing VM operation: GetFrameLocation done
Event: 330.716 Executing VM operation: GetOrSetLocal
Event: 330.716 Executing VM operation: GetOrSetLocal done
Event: 330.716 Executing VM operation: GetOrSetLocal


Dynamic libraries:
0x00007ff7ceab0000 - 0x00007ff7ceaee000 	C:\Program Files\Java\jdk-10.0.2\bin\java.exe
0x00007ffca42b0000 - 0x00007ffca449d000 	C:\WINDOWS\SYSTEM32\ntdll.dll
0x00007ffca41c0000 - 0x00007ffca4273000 	C:\WINDOWS\System32\KERNEL32.DLL
0x00007ffca0370000 - 0x00007ffca0603000 	C:\WINDOWS\System32\KERNELBASE.dll
0x00007ffca39d0000 - 0x00007ffca3a73000 	C:\WINDOWS\System32\ADVAPI32.dll
0x00007ffca3e50000 - 0x00007ffca3eee000 	C:\WINDOWS\System32\msvcrt.dll
0x00007ffca3c00000 - 0x00007ffca3c9e000 	C:\WINDOWS\System32\sechost.dll
0x00007ffca1b00000 - 0x00007ffca1c22000 	C:\WINDOWS\System32\RPCRT4.dll
0x00007ffca3ca0000 - 0x00007ffca3e37000 	C:\WINDOWS\System32\USER32.dll
0x00007ffca0640000 - 0x00007ffca0660000 	C:\WINDOWS\System32\win32u.dll
0x00007ffca4130000 - 0x00007ffca4159000 	C:\WINDOWS\System32\GDI32.dll
0x00007ffca1100000 - 0x00007ffca1299000 	C:\WINDOWS\System32\gdi32full.dll
0x00007ffca0db0000 - 0x00007ffca0e50000 	C:\WINDOWS\System32\msvcp_win.dll
0x00007ffca12a0000 - 0x00007ffca139a000 	C:\WINDOWS\System32\ucrtbase.dll
0x00007ffc91180000 - 0x00007ffc913f9000 	C:\WINDOWS\WinSxS\amd64_microsoft.windows.common-controls_6595b64144ccf1df_6.0.17763.802_none_05b1445c0722d2cc\COMCTL32.dll
0x00007ffca1c50000 - 0x00007ffca1f7c000 	C:\WINDOWS\System32\combase.dll
0x00007ffca13f0000 - 0x00007ffca146e000 	C:\WINDOWS\System32\bcryptPrimitives.dll
0x00007ffc9b550000 - 0x00007ffc9b55a000 	C:\WINDOWS\SYSTEM32\VERSION.dll
0x00007ffca1a70000 - 0x00007ffca1a9e000 	C:\WINDOWS\System32\IMM32.DLL
0x00007ffc6fcb0000 - 0x00007ffc6fd9f000 	C:\Program Files\Java\jdk-10.0.2\bin\msvcr120.dll
0x00007ffc738e0000 - 0x00007ffc73986000 	C:\Program Files\Java\jdk-10.0.2\bin\msvcp120.dll
0x0000000064360000 - 0x0000000064dd0000 	C:\Program Files\Java\jdk-10.0.2\bin\server\jvm.dll
0x00007ffca1c30000 - 0x00007ffca1c38000 	C:\WINDOWS\System32\PSAPI.DLL
0x00007ffc958e0000 - 0x00007ffc958e9000 	C:\WINDOWS\SYSTEM32\WSOCK32.dll
0x00007ffca3a80000 - 0x00007ffca3aed000 	C:\WINDOWS\System32\WS2_32.dll
0x00007ffc971d0000 - 0x00007ffc971f4000 	C:\WINDOWS\SYSTEM32\WINMM.dll
0x00007ffc97150000 - 0x00007ffc9717d000 	C:\WINDOWS\SYSTEM32\WINMMBASE.dll
0x00007ffca13a0000 - 0x00007ffca13ea000 	C:\WINDOWS\System32\cfgmgr32.dll
0x00007ffc957c0000 - 0x00007ffc957cf000 	C:\Program Files\Java\jdk-10.0.2\bin\verify.dll
0x00007ffc9ebf0000 - 0x00007ffc9eddd000 	C:\WINDOWS\SYSTEM32\DBGHELP.DLL
0x00007ffc9aa10000 - 0x00007ffc9aa3a000 	C:\WINDOWS\SYSTEM32\dbgcore.DLL
0x00007ffc8f7c0000 - 0x00007ffc8f7e7000 	C:\Program Files\Java\jdk-10.0.2\bin\java.dll
0x00007ffc72090000 - 0x00007ffc720c6000 	C:\Program Files\Java\jdk-10.0.2\bin\jdwp.dll
0x00007ffc6f890000 - 0x00007ffc6f8ba000 	C:\Program Files\Java\jdk-10.0.2\bin\instrument.dll
0x00007ffc8f770000 - 0x00007ffc8f786000 	C:\Program Files\Java\jdk-10.0.2\bin\zip.dll
0x00007ffc94e30000 - 0x00007ffc94e3a000 	C:\Program Files\Java\jdk-10.0.2\bin\jimage.dll
0x00007ffca24d0000 - 0x00007ffca39c4000 	C:\WINDOWS\System32\SHELL32.dll
0x00007ffca3ef0000 - 0x00007ffca3f98000 	C:\WINDOWS\System32\shcore.dll
0x00007ffca0660000 - 0x00007ffca0dad000 	C:\WINDOWS\System32\windows.storage.dll
0x00007ffca0320000 - 0x00007ffca0344000 	C:\WINDOWS\System32\profapi.dll
0x00007ffca02c0000 - 0x00007ffca031d000 	C:\WINDOWS\System32\powrprof.dll
0x00007ffca3fa0000 - 0x00007ffca3ff2000 	C:\WINDOWS\System32\shlwapi.dll
0x00007ffca02a0000 - 0x00007ffca02b1000 	C:\WINDOWS\System32\kernel.appcore.dll
0x00007ffca1030000 - 0x00007ffca1047000 	C:\WINDOWS\System32\cryptsp.dll
0x00007ffc94dc0000 - 0x00007ffc94dca000 	C:\Program Files\Java\jdk-10.0.2\bin\dt_socket.dll
0x00007ffc9fab0000 - 0x00007ffc9fb17000 	C:\WINDOWS\system32\mswsock.dll
0x00007ffc75420000 - 0x00007ffc7543a000 	C:\Program Files\Java\jdk-10.0.2\bin\net.dll
0x00007ffc98f40000 - 0x00007ffc99032000 	C:\WINDOWS\SYSTEM32\WINHTTP.dll
0x00007ffc74cc0000 - 0x00007ffc74cd1000 	C:\Program Files\Java\jdk-10.0.2\bin\nio.dll

dbghelp: loaded successfully - version: 4.0.5 - missing functions: none
symbol engine: initialized successfully - sym options: 0x614 - pdb path: .;C:\Program Files\Java\jdk-10.0.2\bin;C:\WINDOWS\SYSTEM32;C:\WINDOWS\WinSxS\amd64_microsoft.windows.common-controls_6595b64144ccf1df_6.0.17763.802_none_05b1445c0722d2cc;C:\Program Files\Java\jdk-10.0.2\bin\server

VM Arguments:
jvm_args: -agentlib:jdwp=transport=dt_socket,address=127.0.0.1:51634,suspend=y,server=n -javaagent:C:\Users\mmack\AppData\Local\Temp\capture1162jars\debugger-agent.jar=file:/C:/Users/mmack/AppData/Local/Temp/capture.props -Dfile.encoding=UTF-8 
java_command: SetCover
java_class_path (initial): C:\Users\mmack\IdeaProjects\untitled1\out\production\untitled1;C:\Program Files\JetBrains\IntelliJ IDEA Community Edition 2018.1.2\lib\idea_rt.jar
Launcher Type: SUN_STANDARD

Logging:
Log output configuration:
#0: stdout all=warning uptime,level,tags
#1: stderr all=off uptime,level,tags

Environment Variables:
PATH=C:\Program Files (x86)\Common Files\Oracle\Java\javapath;C:\Program Files (x86)\Intel\iCLS Client\;C:\Program Files\Intel\iCLS Client\;C:\WINDOWS\system32;C:\WINDOWS;C:\WINDOWS\System32\Wbem;C:\WINDOWS\System32\WindowsPowerShell\v1.0\;C:\Program Files (x86)\Intel\Intel(R) Management Engine Components\DAL;C:\Program Files\Intel\Intel(R) Management Engine Components\DAL;C:\Program Files (x86)\Intel\Intel(R) Management Engine Components\IPT;C:\Program Files\Intel\Intel(R) Management Engine Components\IPT;C:\Program Files (x86)\Skype\Phone\;C:\Program Files (x86)\SMLNJ\bin\;C:\WINDOWS\System32\OpenSSH\;C:\Program Files\nodejs\;C:\Program Files\Git\cmd;C:\Users\mmack\AppData\Roaming\OCamlPro\OCPWin\wrappers;C:\Users\mmack\AppData\Roaming\OCamlPro\OCPWin\4.01.0+ocp1-full-mingw64-20160113\bin;C:\Users\mmack\AppData\Local\Microsoft\WindowsApps;;C:\Users\mmack\AppData\Local\Programs\Microsoft VS Code\bin;C:\Users\mmack\AppData\Roaming\npm
USERNAME=mmack
OS=Windows_NT
PROCESSOR_IDENTIFIER=Intel64 Family 6 Model 142 Stepping 9, GenuineIntel



---------------  S Y S T E M  ---------------

OS: Windows 10 , 64 bit Build 17763 (10.0.17763.475)

CPU:total 4 (initial active 4) (2 cores per cpu, 2 threads per core) family 6 model 142 stepping 9, cmov, cx8, fxsr, mmx, sse, sse2, sse3, ssse3, sse4.1, sse4.2, popcnt, avx, avx2, aes, clmul, erms, 3dnowpref, lzcnt, ht, tsc, tscinvbit, bmi1, bmi2, adx, fma

Memory: 4k page, physical 8303524k(2621724k free), swap 15133536k(4207424k free)

vm_info: Java HotSpot(TM) 64-Bit Server VM (10.0.2+13) for windows-amd64 JRE (10.0.2+13), built on Jun 28 2018 01:57:56 by "mach5one" with MS VC++ 12.0 (VS2013)

END.
